***********************************
DUMPING TABLES
Wed Jun  3 20:55:50 UTC 2015
./p2r_main.sh: line 56: /customers.txt.gz: Permission denied
./p2r_main.sh: line 54: /psql: No such file or directory
DUMPING TABLES COMPLETE
Wed Jun  3 20:55:50 UTC 2015
SHIP TO S3
Wed Jun  3 20:55:50 UTC 2015
SHIP TO S3 COMPLETE
Wed Jun  3 20:55:50 UTC 2015
GET/CLEAN/UPLOAD DB SCHEMA
Wed Jun  3 20:55:50 UTC 2015
./p2r_main.sh: line 106: /schema.sql: Permission denied
./p2r_main.sh: line 111: /schema_clean.sql: Permission denied
./p2r_main.sh: line 113: /schema_clean.sql: Permission denied
Can't open /schema_clean.sql: No such file or directory.
Can't open /schema_clean.sql: No such file or directory.
Can't open /schema_clean.sql: No such file or directory.
sed: can't read /schema_clean.sql: No such file or directory
sed: can't read /schema_clean.sql: No such file or directory
sed: can't read /schema_clean.sql: No such file or directory
sed: can't read /schema_clean.sql: No such file or directory
sed: can't read /schema_clean.sql: No such file or directory
sed: can't read /schema_clean.sql: No such file or directory
sed: can't read /schema_clean.sql: No such file or directory
sed: can't read /schema_clean.sql: No such file or directory
sed: can't read /schema_clean.sql: No such file or directory
sed: can't read /schema_clean.sql: No such file or directory
sed: can't read /schema_clean.sql: No such file or directory
sed: can't read /schema_clean.sql: No such file or directory
sed: can't read /schema_clean.sql: No such file or directory
sed: can't read /schema_clean.sql: No such file or directory
sed: can't read /schema_clean.sql: No such file or directory
./p2r_main.sh: line 154: /p2r_add_sortkeys.py: No such file or directory
./p2r_main.sh: line 161: /schema_final.sql: Permission denied
sed: can't read /schema_final.sql: No such file or directory
CREATE NEW TEMP SCHEMA
START RESTORE TABLES IN REDSHIFT
Wed Jun  3 20:56:20 UTC 2015
DROP AND RENAME SCHEMA TO
RESTORE TABLES COMPLETE
Wed Jun  3 20:56:20 UTC 2015
START VACUUM ANALYZE
BULK REFRESH COMPLETE
Wed Jun  3 20:56:20 UTC 2015
***********************************
